2025-04-21 20:21:40,459 - INFO - Fetching API token from https://api.verkada.com/token
2025-04-21 20:21:41,252 - INFO - Successfully fetched API token.
2025-04-21 20:21:41,252 - INFO - Querying events for the last 7 days (from 2025-04-14 20:21:41 to 2025-04-21 20:21:41)
2025-04-21 20:21:41,253 - INFO - Attempting to fetch events from /access/v1/events...
2025-04-21 20:21:41,253 - INFO - Fetching data from https://api.verkada.com/access/v1/events with params: {'start_time': 1744676501, 'end_time': 1745281301, 'page_size': 200}
2025-04-21 20:21:41,629 - ERROR - API request failed: 403 Forbidden for https://api.verkada.com/access/v1/events. The API Key used to generate the token likely lacks the necessary permissions for this endpoint.
2025-04-21 20:21:41,630 - WARNING - Failed to fetch from /access/v1/events: 403 Client Error: Forbidden for url: https://api.verkada.com/access/v1/events?start_time=1744676501&end_time=1745281301&page_size=200
2025-04-21 20:21:41,630 - INFO - Attempting to fetch events from /cameras/v1/notifications...
2025-04-21 20:21:41,630 - INFO - Fetching data from https://api.verkada.com/cameras/v1/notifications with params: {'start_time': 1744676501, 'end_time': 1745281301, 'page_size': 200}
2025-04-21 20:21:46,943 - ERROR - API request failed: ('Connection aborted.', RemoteDisconnected('Remote end closed connection without response'))
2025-04-21 20:21:46,943 - WARNING - Error fetching from /cameras/v1/notifications: ('Connection aborted.', RemoteDisconnected('Remote end closed connection without response'))
2025-04-21 20:21:46,943 - INFO - No events found in the last 7 days from any attempted endpoint.
2025-04-21 20:24:41,811 - INFO - Fetching API token from https://api.verkada.com/token
2025-04-21 20:24:42,610 - INFO - Successfully fetched API token.
2025-04-21 20:24:42,611 - INFO - Querying events for the last 7 days (from 2025-04-14 20:24:42 to 2025-04-21 20:24:42)
2025-04-21 20:24:42,611 - INFO - Attempting to fetch events from /access/v1/events...
2025-04-21 20:24:42,611 - INFO - Fetching data from https://api.verkada.com/access/v1/events with params: {'start_time': 1744676682, 'end_time': 1745281482, 'page_size': 200}
2025-04-21 20:24:42,951 - ERROR - API request failed: 403 Forbidden for https://api.verkada.com/access/v1/events. The API Key used to generate the token likely lacks the necessary permissions for this endpoint.
2025-04-21 20:24:42,951 - WARNING - Failed to fetch from /access/v1/events: 403 Client Error: Forbidden for url: https://api.verkada.com/access/v1/events?start_time=1744676682&end_time=1745281482&page_size=200
2025-04-21 20:24:42,952 - INFO - Attempting to fetch events from /cameras/v1/notifications...
2025-04-21 20:24:42,952 - INFO - Fetching data from https://api.verkada.com/cameras/v1/notifications with params: {'start_time': 1744676682, 'end_time': 1745281482, 'page_size': 200}
2025-04-21 20:24:43,357 - ERROR - API request failed: 403 Forbidden for https://api.verkada.com/cameras/v1/notifications. The API Key used to generate the token likely lacks the necessary permissions for this endpoint.
2025-04-21 20:24:43,357 - WARNING - Failed to fetch from /cameras/v1/notifications: 403 Client Error: Forbidden for url: https://api.verkada.com/cameras/v1/notifications?start_time=1744676682&end_time=1745281482&page_size=200
2025-04-21 20:24:43,358 - INFO - No events found in the last 7 days from any attempted endpoint.
2025-04-21 20:28:27,769 - INFO - Fetching API token from https://api.verkada.com/token
2025-04-21 20:28:28,580 - INFO - Successfully fetched API token.
2025-04-21 20:28:28,581 - INFO - Querying events for the last 7 days (from 2025-04-14 20:28:28 to 2025-04-21 20:28:28)
2025-04-21 20:28:28,581 - INFO - Attempting to fetch events from /access/v1/events...
2025-04-21 20:28:28,581 - INFO - Fetching data from https://api.verkada.com/access/v1/events with params: {'start_time': 1744676908, 'end_time': 1745281708, 'page_size': 200}
2025-04-21 20:28:28,934 - ERROR - API request failed: 403 Forbidden for https://api.verkada.com/access/v1/events. The API Key used to generate the token likely lacks the necessary permissions for this endpoint.
2025-04-21 20:28:28,935 - WARNING - Failed to fetch from /access/v1/events: 403 Client Error: Forbidden for url: https://api.verkada.com/access/v1/events?start_time=1744676908&end_time=1745281708&page_size=200
2025-04-21 20:28:28,935 - INFO - Attempting to fetch events from /cameras/v1/notifications...
2025-04-21 20:28:28,936 - INFO - Fetching data from https://api.verkada.com/cameras/v1/notifications with params: {'start_time': 1744676908, 'end_time': 1745281708, 'page_size': 200}
2025-04-21 20:28:29,280 - ERROR - API request failed: 403 Forbidden for https://api.verkada.com/cameras/v1/notifications. The API Key used to generate the token likely lacks the necessary permissions for this endpoint.
2025-04-21 20:28:29,281 - WARNING - Failed to fetch from /cameras/v1/notifications: 403 Client Error: Forbidden for url: https://api.verkada.com/cameras/v1/notifications?start_time=1744676908&end_time=1745281708&page_size=200
2025-04-21 20:28:29,281 - INFO - Attempting to fetch events from /cameras/v1/analytics/lpr/imagesview...
2025-04-21 20:28:29,281 - INFO - Fetching data from https://api.verkada.com/cameras/v1/analytics/lpr/imagesview with params: {'start_time': 1744676908, 'end_time': 1745281708, 'page_size': 200}
2025-04-21 20:28:29,667 - ERROR - API request failed: 403 Forbidden for https://api.verkada.com/cameras/v1/analytics/lpr/imagesview. The API Key used to generate the token likely lacks the necessary permissions for this endpoint.
2025-04-21 20:28:29,667 - WARNING - Failed to fetch from /cameras/v1/analytics/lpr/imagesview: 403 Client Error: Forbidden for url: https://api.verkada.com/cameras/v1/analytics/lpr/imagesview?start_time=1744676908&end_time=1745281708&page_size=200
2025-04-21 20:28:29,668 - INFO - No events found in the last 7 days from any attempted endpoint.
